0 info it worked if it ends with ok
1 verbose cli [ '/usr/local/bin/node', '/usr/local/bin/npm', 'run', 'publish' ]
2 info using npm@3.10.10
3 info using node@v6.11.4
4 verbose run-script [ 'prepublish', 'publish', 'postpublish' ]
5 info lifecycle jbl@0.1.1~prepublish: jbl@0.1.1
6 silly lifecycle jbl@0.1.1~prepublish: no script for prepublish, continuing
7 info lifecycle jbl@0.1.1~publish: jbl@0.1.1
8 verbose lifecycle jbl@0.1.1~publish: unsafe-perm in lifecycle true
9 verbose lifecycle jbl@0.1.1~publish: PATH: /usr/local/lib/node_modules/npm/bin/node-gyp-bin:/Users/jameym/github.com/jameymcelveen/jsbuild/node_modules/.bin:/Users/jameym/.fastlane/bin:/Users/jameym/wpilib/simulation/sim:/usr/local/bin:/usr/bin:/bin:/usr/sbin:/sbin:/opt/X11/bin:/usr/local/share/dotnet:/usr/local/go/bin:/Library/Frameworks/Mono.framework/Versions/Current/Commands:/Applications/Xamarin Workbooks.app/Contents/SharedSupport/path-bin:/usr/local/bin:/Users/jameym/github.com/jameymcelveen/jsbuild/depot_tools:~/bin:/usr/local/go/bin:/Users/jameym/go-projects/bin:eval PATH="/usr/local/bin:/usr/bin:/bin:/usr/sbin:/sbin:/opt/X11/bin:/usr/local/share/dotnet:/usr/local/go/bin:/Library/Frameworks/Mono.framework/Versions/Current/Commands:/Applications/Xamarin Workbooks.app/Contents/SharedSupport/path-bin:/Users/jameym/github.com/jameymcelveen/jsbuild/depot_tools:~/bin:/Users/jameym/go-projects/bin"; export PATH;
10 verbose lifecycle jbl@0.1.1~publish: CWD: /Users/jameym/github.com/jameymcelveen/jsbuild
11 silly lifecycle jbl@0.1.1~publish: Args: [ '-c', 'npm publish' ]
12 silly lifecycle jbl@0.1.1~publish: Returned: code: 1  signal: null
13 info lifecycle jbl@0.1.1~publish: Failed to exec publish script
14 verbose stack Error: jbl@0.1.1 publish: `npm publish`
14 verbose stack Exit status 1
14 verbose stack     at EventEmitter.<anonymous> (/usr/local/lib/node_modules/npm/lib/utils/lifecycle.js:255:16)
14 verbose stack     at emitTwo (events.js:106:13)
14 verbose stack     at EventEmitter.emit (events.js:191:7)
14 verbose stack     at ChildProcess.<anonymous> (/usr/local/lib/node_modules/npm/lib/utils/spawn.js:40:14)
14 verbose stack     at emitTwo (events.js:106:13)
14 verbose stack     at ChildProcess.emit (events.js:191:7)
14 verbose stack     at maybeClose (internal/child_process.js:920:16)
14 verbose stack     at Process.ChildProcess._handle.onexit (internal/child_process.js:230:5)
15 verbose pkgid jbl@0.1.1
16 verbose cwd /Users/jameym/github.com/jameymcelveen/jsbuild
17 error Darwin 16.7.0
18 error argv "/usr/local/bin/node" "/usr/local/bin/npm" "run" "publish"
19 error node v6.11.4
20 error npm  v3.10.10
21 error code ELIFECYCLE
22 error jbl@0.1.1 publish: `npm publish`
22 error Exit status 1
23 error Failed at the jbl@0.1.1 publish script 'npm publish'.
23 error Make sure you have the latest version of node.js and npm installed.
23 error If you do, this is most likely a problem with the jbl package,
23 error not with npm itself.
23 error Tell the author that this fails on your system:
23 error     npm publish
23 error You can get information on how to open an issue for this project with:
23 error     npm bugs jbl
23 error Or if that isn't available, you can get their info via:
23 error     npm owner ls jbl
23 error There is likely additional logging output above.
24 verbose exit [ 1, true ]
